<?xml version="1.0" encoding="UTF-8"?>
<!-- Generated by org.testng.reporters.JUnitXMLReporter -->
<testsuite hostname="DESKTOP-PBB6CIR" ignored="0" name="Random Test" tests="3" failures="0" timestamp="2021-03-10T23:57:27 IST" time="79.434" errors="0">
  <testcase name="testSearchProduct" time="18.163" classname="testCases.TestCase_001"/>
  <testcase name="testSearchProduct" time="4.911" classname="testCases.TestCase_002"/>
  <testcase name="testSearchProduct" time="10.642" classname="testCases.TestCase_003"/>
</testsuite> <!-- Random Test -->
